
Command: shopt -s histappend
Output:

Exit Code: 0
----
Command: npm start
Output:
npm error Missing script: "start"
npm error
npm error Did you mean one of these?
npm error   npm star # Mark your favorite packages
npm error   npm stars # View packages marked as favorites
npm error
npm error To see a list of scripts, run:
npm error   npm run
npm error A complete log of this run can be found in: /Users/chaitanyachawla/.npm/_logs/2024-12-03T14_04_48_097Z-debug-0.log
Exit Code: 1
----
Command: ls
Output:
command_output.log
contracts
frontend
hardhat.config.ts
Exit Code: 0
----
Command: cd ..
Output:

Exit Code: 0
----
Command: cd NFT-Kart2
Output:
bash: cd: NFT-Kart2: No such file or directory
Exit Code: 1
----
Command: ls
Output:
command_output.log
contracts
frontend
hardhat.config.ts
Exit Code: 0
----
